2025-05-14 00:14:15,571 - INFO - SAM modeli yükleniyor...
2025-05-14 00:14:20,445 - INFO - SAM modeli baþarýyla yüklendi.
2025-05-14 00:14:20,445 - INFO - Gradio arayüzü baþlatýlýyor...
2025-05-14 00:14:21,002 - INFO - HTTP Request: GET http://127.0.0.1:7860/gradio_api/startup-events "HTTP/1.1 200 OK"
2025-05-14 00:14:21,031 - INFO - HTTP Request: HEAD http://127.0.0.1:7860/ "HTTP/1.1 200 OK"
2025-05-14 00:14:21,779 - INFO - HTTP Request: GET https://api.gradio.app/pkg-version "HTTP/1.1 200 OK"
2025-05-14 00:15:27,570 - INFO - Kullanýcý bir noktaya týkladý. Ýþlemler baþlatýlýyor...
2025-05-14 00:15:27,570 - INFO - Kullanýcý 367, 530 koordinatlarýnda zoom önizlemesi yapýyor...
2025-05-14 00:15:27,573 - INFO - Zoom önizlemesi baþarýyla oluþturuldu.
2025-05-14 00:15:27,574 - INFO - Kullanýcý 367, 530 koordinatlarýna týkladý. Maske oluþturuluyor...
2025-05-14 00:15:59,331 - INFO - Maske baþarýyla oluþturuldu.
2025-05-14 00:15:59,332 - INFO - Týklama iþlemi tamamlandý.
2025-05-14 00:16:10,255 - INFO - Kullanýcý bir noktaya týkladý. Ýþlemler baþlatýlýyor...
2025-05-14 00:16:10,255 - INFO - Kullanýcý 163, 648 koordinatlarýnda zoom önizlemesi yapýyor...
2025-05-14 00:16:10,259 - INFO - Zoom önizlemesi baþarýyla oluþturuldu.
2025-05-14 00:16:10,259 - INFO - Kullanýcý 163, 648 koordinatlarýna týkladý. Maske oluþturuluyor...
2025-05-14 00:16:46,810 - INFO - Maske baþarýyla oluþturuldu.
2025-05-14 00:16:46,810 - INFO - Týklama iþlemi tamamlandý.
2025-05-14 00:17:59,332 - INFO - Gradio arayüzü baþarýyla baþlatýldý.
2025-05-14 00:18:50,011 - INFO - SAM modeli yükleniyor...
2025-05-14 00:18:54,005 - INFO - SAM modeli baþarýyla yüklendi.
2025-05-14 00:18:54,005 - INFO - Gradio arayüzü baþlatýlýyor...
2025-05-14 00:18:54,522 - INFO - HTTP Request: GET http://127.0.0.1:7860/gradio_api/startup-events "HTTP/1.1 200 OK"
2025-05-14 00:18:54,554 - INFO - HTTP Request: HEAD http://127.0.0.1:7860/ "HTTP/1.1 200 OK"
2025-05-14 00:18:55,261 - INFO - HTTP Request: GET https://api.gradio.app/pkg-version "HTTP/1.1 200 OK"
2025-05-14 00:20:21,432 - INFO - SAM modeli yükleniyor...
2025-05-14 00:20:26,152 - INFO - SAM modeli baþarýyla yüklendi.
2025-05-14 00:20:26,153 - INFO - Gradio arayüzü baþlatýlýyor...
2025-05-14 00:20:26,741 - INFO - HTTP Request: GET http://127.0.0.1:7860/gradio_api/startup-events "HTTP/1.1 200 OK"
2025-05-14 00:20:26,781 - INFO - HTTP Request: HEAD http://127.0.0.1:7860/ "HTTP/1.1 200 OK"
2025-05-14 00:20:27,507 - INFO - HTTP Request: GET https://api.gradio.app/pkg-version "HTTP/1.1 200 OK"
2025-05-14 00:21:14,474 - WARNING - Zoom yapmak için geçerli bir týklama algýlanmadý.
2025-05-14 00:21:20,066 - WARNING - Zoom yapmak için geçerli bir týklama algýlanmadý.
2025-05-14 00:21:20,802 - WARNING - Zoom yapmak için geçerli bir týklama algýlanmadý.
2025-05-14 00:21:22,568 - WARNING - Zoom yapmak için geçerli bir týklama algýlanmadý.
2025-05-14 00:21:23,117 - WARNING - Zoom yapmak için geçerli bir týklama algýlanmadý.
2025-05-14 00:21:24,566 - WARNING - Maske oluþturmak için önce bir noktaya týklayýn.
2025-05-14 00:21:27,454 - WARNING - Maske oluþturmak için önce bir noktaya týklayýn.
2025-05-14 00:21:28,198 - WARNING - Maske eklemek için önce bir noktaya týklayýn.
2025-05-14 00:21:30,584 - WARNING - Zoom yapmak için geçerli bir týklama algýlanmadý.
2025-05-14 00:21:30,866 - WARNING - Zoom yapmak için geçerli bir týklama algýlanmadý.
2025-05-14 00:21:31,031 - WARNING - Zoom yapmak için geçerli bir týklama algýlanmadý.
2025-05-14 00:21:31,195 - WARNING - Zoom yapmak için geçerli bir týklama algýlanmadý.
2025-05-14 00:21:31,414 - WARNING - Zoom yapmak için geçerli bir týklama algýlanmadý.
2025-05-14 00:21:31,647 - WARNING - Zoom yapmak için geçerli bir týklama algýlanmadý.
2025-05-14 00:21:32,150 - WARNING - Zoom yapmak için geçerli bir týklama algýlanmadý.
2025-05-14 00:21:32,381 - WARNING - Zoom yapmak için geçerli bir týklama algýlanmadý.
2025-05-14 00:22:37,691 - INFO - SAM modeli yükleniyor...
2025-05-14 00:22:42,457 - INFO - SAM modeli baþarýyla yüklendi.
2025-05-14 00:22:42,457 - INFO - Gradio arayüzü baþlatýlýyor...
2025-05-14 00:22:43,057 - INFO - HTTP Request: GET http://127.0.0.1:7860/gradio_api/startup-events "HTTP/1.1 200 OK"
2025-05-14 00:22:43,094 - INFO - HTTP Request: HEAD http://127.0.0.1:7860/ "HTTP/1.1 200 OK"
2025-05-14 00:22:43,806 - INFO - HTTP Request: GET https://api.gradio.app/pkg-version "HTTP/1.1 200 OK"
2025-05-14 00:22:49,317 - WARNING - Zoom yapmak için geçerli bir týklama algýlanmadý.
2025-05-14 00:24:04,747 - INFO - SAM modeli yükleniyor...
2025-05-14 00:24:09,519 - INFO - SAM modeli baþarýyla yüklendi.
2025-05-14 00:24:09,520 - INFO - Gradio arayüzü baþlatýlýyor...
2025-05-14 00:24:10,160 - INFO - HTTP Request: GET http://127.0.0.1:7860/gradio_api/startup-events "HTTP/1.1 200 OK"
2025-05-14 00:24:10,181 - INFO - HTTP Request: HEAD http://127.0.0.1:7860/ "HTTP/1.1 200 OK"
2025-05-14 00:24:10,838 - INFO - HTTP Request: GET https://api.gradio.app/pkg-version "HTTP/1.1 200 OK"
2025-05-14 00:24:23,215 - INFO - Kullanýcý 306, 509 koordinatlarýna týkladý.
2025-05-14 00:24:23,215 - INFO - Kullanýcý 306, 509 koordinatlarýnda zoom önizlemesi yapýyor...
2025-05-14 00:24:23,219 - INFO - Zoom önizlemesi baþarýyla oluþturuldu.
2025-05-14 00:24:25,816 - INFO - Maske oluþturuluyor. Son týklanan koordinatlar: [306, 509]
2025-05-14 00:25:26,089 - INFO - SAM modeli yükleniyor...
2025-05-14 00:25:30,705 - INFO - SAM modeli baþarýyla yüklendi.
2025-05-14 00:25:30,705 - INFO - Gradio arayüzü baþlatýlýyor...
2025-05-14 00:25:31,269 - INFO - HTTP Request: GET http://127.0.0.1:7860/gradio_api/startup-events "HTTP/1.1 200 OK"
2025-05-14 00:25:31,304 - INFO - HTTP Request: HEAD http://127.0.0.1:7860/ "HTTP/1.1 200 OK"
2025-05-14 00:25:32,189 - INFO - HTTP Request: GET https://api.gradio.app/pkg-version "HTTP/1.1 200 OK"
2025-05-14 00:26:15,262 - INFO - Kullanýcý 396, 641 koordinatlarýna týkladý.
2025-05-14 00:26:15,263 - INFO - Kullanýcý 396, 641 koordinatlarýnda zoom önizlemesi yapýyor...
2025-05-14 00:26:15,266 - INFO - Zoom önizlemesi baþarýyla oluþturuldu.
2025-05-14 00:26:18,212 - INFO - Maske oluþturuluyor. Son týklanan koordinatlar: [396, 641]
2025-05-14 00:26:18,212 - INFO - Kullanýcý 396, 641 koordinatlarýna týkladý. Maske oluþturuluyor...
2025-05-14 00:26:49,774 - INFO - Maske baþarýyla oluþturuldu.
2025-05-14 00:27:00,813 - INFO - Kullanýcý 165, 635 koordinatlarýna týkladý.
2025-05-14 00:27:00,813 - INFO - Kullanýcý 165, 635 koordinatlarýnda zoom önizlemesi yapýyor...
2025-05-14 00:27:00,817 - INFO - Zoom önizlemesi baþarýyla oluþturuldu.
2025-05-14 00:27:02,879 - INFO - Maske oluþturuluyor. Son týklanan koordinatlar: [165, 635]
2025-05-14 00:27:02,879 - INFO - Kullanýcý 165, 635 koordinatlarýna týkladý. Maske oluþturuluyor...
2025-05-14 00:27:35,588 - INFO - Maske baþarýyla oluþturuldu.
2025-05-14 00:28:00,366 - INFO - Kullanýcý 357, 601 koordinatlarýna týkladý.
2025-05-14 00:28:00,366 - INFO - Kullanýcý 357, 601 koordinatlarýnda zoom önizlemesi yapýyor...
2025-05-14 00:28:00,369 - INFO - Zoom önizlemesi baþarýyla oluþturuldu.
2025-05-14 00:28:03,363 - INFO - Yeni maske ekleniyor. Son týklanan koordinatlar: [357, 601]
2025-05-14 00:28:03,363 - INFO - Kullanýcý 357, 601 koordinatlarýna týkladý. Maske oluþturuluyor...
2025-05-14 00:28:34,655 - INFO - Maske baþarýyla oluþturuldu.
2025-05-14 00:28:45,784 - INFO - Yeni maske ekleniyor. Son týklanan koordinatlar: [357, 601]
2025-05-14 00:28:45,784 - INFO - Kullanýcý 357, 601 koordinatlarýna týkladý. Maske oluþturuluyor...
2025-05-14 00:29:22,410 - INFO - Maske baþarýyla oluþturuldu.
2025-05-14 00:29:22,412 - INFO - Maskeler baþarýyla birleþtirildi.
2025-05-14 00:30:48,311 - INFO - SAM modeli yükleniyor...
2025-05-14 00:30:52,739 - INFO - SAM modeli baþarýyla yüklendi.
2025-05-14 00:30:52,740 - INFO - Gradio arayüzü baþlatýlýyor...
2025-05-14 00:30:53,354 - INFO - HTTP Request: GET http://127.0.0.1:7860/gradio_api/startup-events "HTTP/1.1 200 OK"
2025-05-14 00:30:53,392 - INFO - HTTP Request: HEAD http://127.0.0.1:7860/ "HTTP/1.1 200 OK"
2025-05-14 00:30:54,140 - INFO - HTTP Request: GET https://api.gradio.app/pkg-version "HTTP/1.1 200 OK"
2025-05-14 00:31:05,260 - INFO - Kullanýcý 343, 502 koordinatlarýna týkladý.
2025-05-14 00:31:05,260 - INFO - Kullanýcý 343, 502 koordinatlarýnda zoom önizlemesi yapýyor...
2025-05-14 00:31:05,264 - INFO - Zoom önizlemesi baþarýyla oluþturuldu.
2025-05-14 00:31:15,680 - INFO - Kullanýcý 492, 490 koordinatlarýna týkladý.
2025-05-14 00:31:15,681 - INFO - Kullanýcý 492, 490 koordinatlarýnda zoom önizlemesi yapýyor...
2025-05-14 00:31:15,684 - INFO - Zoom önizlemesi baþarýyla oluþturuldu.
2025-05-14 00:31:16,459 - INFO - Kullanýcý 372, 508 koordinatlarýna týkladý.
2025-05-14 00:31:16,459 - INFO - Kullanýcý 372, 508 koordinatlarýnda zoom önizlemesi yapýyor...
2025-05-14 00:31:16,461 - INFO - Zoom önizlemesi baþarýyla oluþturuldu.
2025-05-14 00:31:17,453 - INFO - Kullanýcý 276, 573 koordinatlarýna týkladý.
2025-05-14 00:31:17,453 - INFO - Kullanýcý 276, 573 koordinatlarýnda zoom önizlemesi yapýyor...
2025-05-14 00:31:17,457 - INFO - Zoom önizlemesi baþarýyla oluþturuldu.
2025-05-14 00:31:18,211 - INFO - Kullanýcý 178, 617 koordinatlarýna týkladý.
2025-05-14 00:31:18,212 - INFO - Kullanýcý 178, 617 koordinatlarýnda zoom önizlemesi yapýyor...
2025-05-14 00:31:18,214 - INFO - Zoom önizlemesi baþarýyla oluþturuldu.
2025-05-14 00:31:21,877 - INFO - Kullanýcý 120, 592 koordinatlarýna týkladý.
2025-05-14 00:31:21,877 - INFO - Kullanýcý 120, 592 koordinatlarýnda zoom önizlemesi yapýyor...
2025-05-14 00:31:21,880 - INFO - Zoom önizlemesi baþarýyla oluþturuldu.
2025-05-14 00:31:22,491 - INFO - Kullanýcý 204, 628 koordinatlarýna týkladý.
2025-05-14 00:31:22,492 - INFO - Kullanýcý 204, 628 koordinatlarýnda zoom önizlemesi yapýyor...
2025-05-14 00:31:22,494 - INFO - Zoom önizlemesi baþarýyla oluþturuldu.
2025-05-14 00:31:23,577 - INFO - Kullanýcý 166, 639 koordinatlarýna týkladý.
2025-05-14 00:31:23,577 - INFO - Kullanýcý 166, 639 koordinatlarýnda zoom önizlemesi yapýyor...
2025-05-14 00:31:23,580 - INFO - Zoom önizlemesi baþarýyla oluþturuldu.
2025-05-14 00:31:27,266 - INFO - Kullanýcý 333, 550 koordinatlarýna týkladý.
2025-05-14 00:31:27,267 - INFO - Kullanýcý 333, 550 koordinatlarýnda zoom önizlemesi yapýyor...
2025-05-14 00:31:27,270 - INFO - Zoom önizlemesi baþarýyla oluþturuldu.
2025-05-14 00:31:27,727 - INFO - Kullanýcý 247, 588 koordinatlarýna týkladý.
2025-05-14 00:31:27,727 - INFO - Kullanýcý 247, 588 koordinatlarýnda zoom önizlemesi yapýyor...
2025-05-14 00:31:27,730 - INFO - Zoom önizlemesi baþarýyla oluþturuldu.
2025-05-14 00:31:28,160 - INFO - Kullanýcý 172, 615 koordinatlarýna týkladý.
2025-05-14 00:31:28,160 - INFO - Kullanýcý 172, 615 koordinatlarýnda zoom önizlemesi yapýyor...
2025-05-14 00:31:28,162 - INFO - Zoom önizlemesi baþarýyla oluþturuldu.
2025-05-14 00:31:28,494 - INFO - Kullanýcý 288, 567 koordinatlarýna týkladý.
2025-05-14 00:31:28,494 - INFO - Kullanýcý 288, 567 koordinatlarýnda zoom önizlemesi yapýyor...
2025-05-14 00:31:28,496 - INFO - Zoom önizlemesi baþarýyla oluþturuldu.
2025-05-14 00:31:28,944 - INFO - Kullanýcý 401, 523 koordinatlarýna týkladý.
2025-05-14 00:31:28,944 - INFO - Kullanýcý 401, 523 koordinatlarýnda zoom önizlemesi yapýyor...
2025-05-14 00:31:28,947 - INFO - Zoom önizlemesi baþarýyla oluþturuldu.
2025-05-14 00:31:29,393 - INFO - Kullanýcý 472, 484 koordinatlarýna týkladý.
2025-05-14 00:31:29,394 - INFO - Kullanýcý 472, 484 koordinatlarýnda zoom önizlemesi yapýyor...
2025-05-14 00:31:29,396 - INFO - Zoom önizlemesi baþarýyla oluþturuldu.
2025-05-14 00:31:34,376 - INFO - 14 nokta seçildi. Maskeler birleþtiriliyor...
2025-05-14 00:32:06,842 - INFO - 343, 502 koordinatlarý için maske oluþturuluyor...
2025-05-14 00:32:06,924 - INFO - 492, 490 koordinatlarý için maske oluþturuluyor...
2025-05-14 00:32:06,997 - INFO - 372, 508 koordinatlarý için maske oluþturuluyor...
2025-05-14 00:32:07,074 - INFO - 276, 573 koordinatlarý için maske oluþturuluyor...
2025-05-14 00:32:07,151 - INFO - 178, 617 koordinatlarý için maske oluþturuluyor...
2025-05-14 00:32:07,225 - INFO - 120, 592 koordinatlarý için maske oluþturuluyor...
2025-05-14 00:32:07,300 - INFO - 204, 628 koordinatlarý için maske oluþturuluyor...
2025-05-14 00:32:07,374 - INFO - 166, 639 koordinatlarý için maske oluþturuluyor...
2025-05-14 00:32:07,444 - INFO - 333, 550 koordinatlarý için maske oluþturuluyor...
2025-05-14 00:32:07,524 - INFO - 247, 588 koordinatlarý için maske oluþturuluyor...
2025-05-14 00:32:07,595 - INFO - 172, 615 koordinatlarý için maske oluþturuluyor...
2025-05-14 00:32:07,671 - INFO - 288, 567 koordinatlarý için maske oluþturuluyor...
2025-05-14 00:32:07,757 - INFO - 401, 523 koordinatlarý için maske oluþturuluyor...
2025-05-14 00:32:07,838 - INFO - 472, 484 koordinatlarý için maske oluþturuluyor...
2025-05-14 00:32:07,915 - INFO - Tüm maskeler baþarýyla birleþtirildi.
2025-05-14 00:34:43,817 - INFO - SAM modeli yükleniyor...
2025-05-14 00:34:48,015 - INFO - SAM modeli baþarýyla yüklendi.
2025-05-14 00:34:48,015 - INFO - Gradio arayüzü baþlatýlýyor...
2025-05-14 00:34:48,096 - ERROR - Hata oluþtu: 'Gallery' object has no attribute 'style'
2025-05-14 00:34:49,314 - INFO - HTTP Request: GET https://api.gradio.app/pkg-version "HTTP/1.1 200 OK"
2025-05-14 00:35:48,469 - INFO - SAM modeli yükleniyor...
2025-05-14 00:35:52,601 - INFO - SAM modeli baþarýyla yüklendi.
2025-05-14 00:35:52,601 - INFO - Gradio arayüzü baþlatýlýyor...
2025-05-14 00:35:53,560 - INFO - HTTP Request: GET http://127.0.0.1:7860/gradio_api/startup-events "HTTP/1.1 200 OK"
2025-05-14 00:35:53,608 - INFO - HTTP Request: HEAD http://127.0.0.1:7860/ "HTTP/1.1 200 OK"
2025-05-14 00:35:53,982 - INFO - HTTP Request: GET https://api.gradio.app/pkg-version "HTTP/1.1 200 OK"
2025-05-14 00:36:11,303 - INFO - Kullanýcý 347, 517 koordinatlarýna týkladý.
2025-05-14 00:36:11,304 - INFO - Kullanýcý 347, 517 koordinatlarýnda zoom önizlemesi yapýyor...
2025-05-14 00:36:11,311 - INFO - Zoom önizlemesi baþarýyla oluþturuldu.
2025-05-14 00:36:12,942 - INFO - Kullanýcý 171, 617 koordinatlarýna týkladý.
2025-05-14 00:36:12,942 - INFO - Kullanýcý 171, 617 koordinatlarýnda zoom önizlemesi yapýyor...
2025-05-14 00:36:12,945 - INFO - Zoom önizlemesi baþarýyla oluþturuldu.
2025-05-14 00:36:18,078 - INFO - Kullanýcý 355, 354 koordinatlarýna týkladý.
2025-05-14 00:36:18,078 - INFO - Kullanýcý 355, 354 koordinatlarýnda zoom önizlemesi yapýyor...
2025-05-14 00:36:18,082 - INFO - Zoom önizlemesi baþarýyla oluþturuldu.
2025-05-14 00:36:26,278 - INFO - 3 nokta seçildi. Maskeler birleþtiriliyor...
2025-05-14 00:36:58,692 - INFO - 347, 517 koordinatlarý için maske oluþturuluyor...
2025-05-14 00:36:58,771 - INFO - 171, 617 koordinatlarý için maske oluþturuluyor...
2025-05-14 00:36:58,839 - INFO - 355, 354 koordinatlarý için maske oluþturuluyor...
2025-05-14 00:36:58,921 - INFO - Tüm maskeler baþarýyla birleþtirildi.
2025-05-14 00:39:13,051 - INFO - SAM modeli yükleniyor...
2025-05-14 00:39:17,006 - INFO - SAM modeli baþarýyla yüklendi.
2025-05-14 00:39:17,006 - INFO - Gradio arayüzü baþlatýlýyor...
2025-05-14 00:39:18,008 - INFO - HTTP Request: GET http://127.0.0.1:7860/gradio_api/startup-events "HTTP/1.1 200 OK"
2025-05-14 00:39:18,043 - INFO - HTTP Request: HEAD http://127.0.0.1:7860/ "HTTP/1.1 200 OK"
2025-05-14 00:39:18,528 - INFO - HTTP Request: GET https://api.gradio.app/pkg-version "HTTP/1.1 200 OK"
2025-05-14 00:39:34,908 - INFO - Kullanýcý 361, 566 koordinatlarýna týkladý.
2025-05-14 00:39:34,909 - INFO - Kullanýcý 361, 566 koordinatlarýnda zoom önizlemesi yapýyor...
2025-05-14 00:39:34,914 - INFO - Zoom önizlemesi baþarýyla oluþturuldu.
2025-05-14 00:39:38,374 - INFO - Kullanýcý 169, 612 koordinatlarýna týkladý.
2025-05-14 00:39:38,375 - INFO - Kullanýcý 169, 612 koordinatlarýnda zoom önizlemesi yapýyor...
2025-05-14 00:39:38,378 - INFO - Zoom önizlemesi baþarýyla oluþturuldu.
2025-05-14 00:40:02,615 - INFO - Son seçim siliniyor: (169, 612)
2025-05-14 00:40:04,564 - INFO - Son seçim siliniyor: (361, 566)
2025-05-14 00:40:22,126 - INFO - Kullanýcý 258, 275 koordinatlarýna týkladý.
2025-05-14 00:40:22,126 - INFO - Kullanýcý 258, 275 koordinatlarýnda zoom önizlemesi yapýyor...
2025-05-14 00:40:22,130 - INFO - Zoom önizlemesi baþarýyla oluþturuldu.
2025-05-14 00:40:25,121 - INFO - Kullanýcý 337, 387 koordinatlarýna týkladý.
2025-05-14 00:40:25,121 - INFO - Kullanýcý 337, 387 koordinatlarýnda zoom önizlemesi yapýyor...
2025-05-14 00:40:25,124 - INFO - Zoom önizlemesi baþarýyla oluþturuldu.
2025-05-14 00:40:30,050 - INFO - Son seçim siliniyor: (337, 387)
2025-05-14 00:40:30,229 - INFO - Son seçim siliniyor: (258, 275)
2025-05-14 00:40:33,414 - INFO - Kullanýcý 185, 604 koordinatlarýna týkladý.
2025-05-14 00:40:33,414 - INFO - Kullanýcý 185, 604 koordinatlarýnda zoom önizlemesi yapýyor...
2025-05-14 00:40:33,419 - INFO - Zoom önizlemesi baþarýyla oluþturuldu.
2025-05-14 00:40:34,021 - INFO - Kullanýcý 289, 549 koordinatlarýna týkladý.
2025-05-14 00:40:34,021 - INFO - Kullanýcý 289, 549 koordinatlarýnda zoom önizlemesi yapýyor...
2025-05-14 00:40:34,023 - INFO - Zoom önizlemesi baþarýyla oluþturuldu.
2025-05-14 00:40:34,471 - INFO - Kullanýcý 427, 510 koordinatlarýna týkladý.
2025-05-14 00:40:34,471 - INFO - Kullanýcý 427, 510 koordinatlarýnda zoom önizlemesi yapýyor...
2025-05-14 00:40:34,474 - INFO - Zoom önizlemesi baþarýyla oluþturuldu.
2025-05-14 00:40:34,751 - INFO - Kullanýcý 529, 473 koordinatlarýna týkladý.
2025-05-14 00:40:34,751 - INFO - Kullanýcý 529, 473 koordinatlarýnda zoom önizlemesi yapýyor...
2025-05-14 00:40:34,754 - INFO - Zoom önizlemesi baþarýyla oluþturuldu.
2025-05-14 00:40:35,271 - INFO - Kullanýcý 369, 411 koordinatlarýna týkladý.
2025-05-14 00:40:35,271 - INFO - Kullanýcý 369, 411 koordinatlarýnda zoom önizlemesi yapýyor...
2025-05-14 00:40:35,273 - INFO - Zoom önizlemesi baþarýyla oluþturuldu.
2025-05-14 00:40:35,716 - INFO - Kullanýcý 320, 385 koordinatlarýna týkladý.
2025-05-14 00:40:35,716 - INFO - Kullanýcý 320, 385 koordinatlarýnda zoom önizlemesi yapýyor...
2025-05-14 00:40:35,720 - INFO - Zoom önizlemesi baþarýyla oluþturuldu.
2025-05-14 00:40:36,221 - INFO - Kullanýcý 289, 328 koordinatlarýna týkladý.
2025-05-14 00:40:36,222 - INFO - Kullanýcý 289, 328 koordinatlarýnda zoom önizlemesi yapýyor...
2025-05-14 00:40:36,223 - INFO - Zoom önizlemesi baþarýyla oluþturuldu.
2025-05-14 00:40:36,775 - INFO - Kullanýcý 261, 299 koordinatlarýna týkladý.
2025-05-14 00:40:36,775 - INFO - Kullanýcý 261, 299 koordinatlarýnda zoom önizlemesi yapýyor...
2025-05-14 00:40:36,778 - INFO - Zoom önizlemesi baþarýyla oluþturuldu.
2025-05-14 00:40:38,570 - INFO - Kullanýcý 144, 114 koordinatlarýna týkladý.
2025-05-14 00:40:38,571 - INFO - Kullanýcý 144, 114 koordinatlarýnda zoom önizlemesi yapýyor...
2025-05-14 00:40:38,574 - INFO - Zoom önizlemesi baþarýyla oluþturuldu.
2025-05-14 00:40:39,337 - INFO - Kullanýcý 253, 191 koordinatlarýna týkladý.
2025-05-14 00:40:39,338 - INFO - Kullanýcý 253, 191 koordinatlarýnda zoom önizlemesi yapýyor...
2025-05-14 00:40:39,340 - INFO - Zoom önizlemesi baþarýyla oluþturuldu.
2025-05-14 00:40:39,889 - INFO - Kullanýcý 150, 219 koordinatlarýna týkladý.
2025-05-14 00:40:39,889 - INFO - Kullanýcý 150, 219 koordinatlarýnda zoom önizlemesi yapýyor...
2025-05-14 00:40:39,892 - INFO - Zoom önizlemesi baþarýyla oluþturuldu.
2025-05-14 00:40:40,240 - INFO - Kullanýcý 118, 233 koordinatlarýna týkladý.
2025-05-14 00:40:40,240 - INFO - Kullanýcý 118, 233 koordinatlarýnda zoom önizlemesi yapýyor...
2025-05-14 00:40:40,242 - INFO - Zoom önizlemesi baþarýyla oluþturuldu.
2025-05-14 00:40:40,569 - INFO - Kullanýcý 79, 251 koordinatlarýna týkladý.
2025-05-14 00:40:40,569 - INFO - Kullanýcý 79, 251 koordinatlarýnda zoom önizlemesi yapýyor...
2025-05-14 00:40:40,572 - INFO - Zoom önizlemesi baþarýyla oluþturuldu.
2025-05-14 00:40:40,843 - INFO - Kullanýcý 28, 215 koordinatlarýna týkladý.
2025-05-14 00:40:40,844 - INFO - Kullanýcý 28, 215 koordinatlarýnda zoom önizlemesi yapýyor...
2025-05-14 00:40:40,847 - INFO - Zoom önizlemesi baþarýyla oluþturuldu.
2025-05-14 00:40:41,103 - INFO - Kullanýcý 26, 174 koordinatlarýna týkladý.
2025-05-14 00:40:41,103 - INFO - Kullanýcý 26, 174 koordinatlarýnda zoom önizlemesi yapýyor...
2025-05-14 00:40:41,105 - INFO - Zoom önizlemesi baþarýyla oluþturuldu.
2025-05-14 00:40:42,581 - INFO - Kullanýcý 154, 32 koordinatlarýna týkladý.
2025-05-14 00:40:42,581 - INFO - Kullanýcý 154, 32 koordinatlarýnda zoom önizlemesi yapýyor...
2025-05-14 00:40:42,585 - INFO - Zoom önizlemesi baþarýyla oluþturuldu.
2025-05-14 00:40:43,071 - INFO - Kullanýcý 208, 40 koordinatlarýna týkladý.
2025-05-14 00:40:43,071 - INFO - Kullanýcý 208, 40 koordinatlarýnda zoom önizlemesi yapýyor...
2025-05-14 00:40:43,073 - INFO - Zoom önizlemesi baþarýyla oluþturuldu.
2025-05-14 00:40:47,344 - INFO - 17 nokta seçildi. Maskeler birleþtiriliyor...
2025-05-14 00:41:18,107 - INFO - 185, 604 koordinatlarý için maske oluþturuluyor...
2025-05-14 00:41:18,185 - INFO - 289, 549 koordinatlarý için maske oluþturuluyor...
2025-05-14 00:41:18,255 - INFO - 427, 510 koordinatlarý için maske oluþturuluyor...
2025-05-14 00:41:18,322 - INFO - 529, 473 koordinatlarý için maske oluþturuluyor...
2025-05-14 00:41:18,441 - INFO - 369, 411 koordinatlarý için maske oluþturuluyor...
2025-05-14 00:41:18,507 - INFO - 320, 385 koordinatlarý için maske oluþturuluyor...
2025-05-14 00:41:18,580 - INFO - 289, 328 koordinatlarý için maske oluþturuluyor...
2025-05-14 00:41:18,651 - INFO - 261, 299 koordinatlarý için maske oluþturuluyor...
2025-05-14 00:41:18,714 - INFO - 144, 114 koordinatlarý için maske oluþturuluyor...
2025-05-14 00:41:18,796 - INFO - 253, 191 koordinatlarý için maske oluþturuluyor...
2025-05-14 00:41:18,866 - INFO - 150, 219 koordinatlarý için maske oluþturuluyor...
2025-05-14 00:41:18,940 - INFO - 118, 233 koordinatlarý için maske oluþturuluyor...
2025-05-14 00:41:19,008 - INFO - 79, 251 koordinatlarý için maske oluþturuluyor...
2025-05-14 00:41:19,070 - INFO - 28, 215 koordinatlarý için maske oluþturuluyor...
2025-05-14 00:41:19,140 - INFO - 26, 174 koordinatlarý için maske oluþturuluyor...
2025-05-14 00:41:19,205 - INFO - 154, 32 koordinatlarý için maske oluþturuluyor...
2025-05-14 00:41:19,274 - INFO - 208, 40 koordinatlarý için maske oluþturuluyor...
2025-05-14 00:41:19,342 - INFO - Tüm maskeler baþarýyla birleþtirildi.
2025-05-14 00:42:43,748 - INFO - SAM modeli yükleniyor...
2025-05-14 00:42:48,056 - INFO - SAM modeli baþarýyla yüklendi.
2025-05-14 00:42:48,057 - INFO - Gradio arayüzü baþlatýlýyor...
2025-05-14 00:42:48,998 - INFO - HTTP Request: GET http://127.0.0.1:7860/gradio_api/startup-events "HTTP/1.1 200 OK"
2025-05-14 00:42:49,035 - INFO - HTTP Request: HEAD http://127.0.0.1:7860/ "HTTP/1.1 200 OK"
2025-05-14 00:42:49,374 - INFO - HTTP Request: GET https://api.gradio.app/pkg-version "HTTP/1.1 200 OK"
2025-05-14 00:42:57,918 - INFO - Kullanýcý 334, 495 koordinatlarýna týkladý.
2025-05-14 00:42:57,919 - INFO - Kullanýcý 334, 495 koordinatlarýnda zoom önizlemesi yapýyor...
2025-05-14 00:42:57,923 - INFO - Zoom önizlemesi baþarýyla oluþturuldu.
2025-05-14 00:43:00,736 - INFO - Kullanýcý 327, 387 koordinatlarýna týkladý.
2025-05-14 00:43:00,737 - INFO - Kullanýcý 327, 387 koordinatlarýnda zoom önizlemesi yapýyor...
2025-05-14 00:43:00,740 - INFO - Zoom önizlemesi baþarýyla oluþturuldu.
2025-05-14 00:43:02,169 - INFO - Kullanýcý 276, 287 koordinatlarýna týkladý.
2025-05-14 00:43:02,169 - INFO - Kullanýcý 276, 287 koordinatlarýnda zoom önizlemesi yapýyor...
2025-05-14 00:43:02,173 - INFO - Zoom önizlemesi baþarýyla oluþturuldu.
2025-05-14 00:43:04,387 - INFO - Kullanýcý 551, 458 koordinatlarýna týkladý.
2025-05-14 00:43:04,387 - INFO - Kullanýcý 551, 458 koordinatlarýnda zoom önizlemesi yapýyor...
2025-05-14 00:43:04,390 - INFO - Zoom önizlemesi baþarýyla oluþturuldu.
2025-05-14 00:43:06,108 - INFO - Kullanýcý 201, 619 koordinatlarýna týkladý.
2025-05-14 00:43:06,108 - INFO - Kullanýcý 201, 619 koordinatlarýnda zoom önizlemesi yapýyor...
2025-05-14 00:43:06,112 - INFO - Zoom önizlemesi baþarýyla oluþturuldu.
2025-05-14 00:43:06,938 - INFO - Kullanýcý 57, 538 koordinatlarýna týkladý.
2025-05-14 00:43:06,938 - INFO - Kullanýcý 57, 538 koordinatlarýnda zoom önizlemesi yapýyor...
2025-05-14 00:43:06,941 - INFO - Zoom önizlemesi baþarýyla oluþturuldu.
2025-05-14 00:43:10,355 - INFO - Kullanýcý 109, 255 koordinatlarýna týkladý.
2025-05-14 00:43:10,355 - INFO - Kullanýcý 109, 255 koordinatlarýnda zoom önizlemesi yapýyor...
2025-05-14 00:43:10,358 - INFO - Zoom önizlemesi baþarýyla oluþturuldu.
2025-05-14 00:43:14,434 - INFO - Kullanýcý 268, 126 koordinatlarýna týkladý.
2025-05-14 00:43:14,435 - INFO - Kullanýcý 268, 126 koordinatlarýnda zoom önizlemesi yapýyor...
2025-05-14 00:43:14,437 - INFO - Zoom önizlemesi baþarýyla oluþturuldu.
2025-05-14 00:43:15,687 - INFO - Kullanýcý 181, 101 koordinatlarýna týkladý.
2025-05-14 00:43:15,687 - INFO - Kullanýcý 181, 101 koordinatlarýnda zoom önizlemesi yapýyor...
2025-05-14 00:43:15,690 - INFO - Zoom önizlemesi baþarýyla oluþturuldu.
2025-05-14 00:43:16,488 - INFO - Kullanýcý 35, 72 koordinatlarýna týkladý.
2025-05-14 00:43:16,489 - INFO - Kullanýcý 35, 72 koordinatlarýnda zoom önizlemesi yapýyor...
2025-05-14 00:43:16,491 - INFO - Zoom önizlemesi baþarýyla oluþturuldu.
2025-05-14 00:43:18,286 - INFO - 10 nokta seçildi. Maskeler birleþtiriliyor...
2025-05-14 00:43:50,770 - INFO - 334, 495 koordinatlarý için maske oluþturuluyor...
2025-05-14 00:43:50,864 - INFO - 327, 387 koordinatlarý için maske oluþturuluyor...
2025-05-14 00:43:50,951 - INFO - 276, 287 koordinatlarý için maske oluþturuluyor...
2025-05-14 00:43:51,026 - INFO - 551, 458 koordinatlarý için maske oluþturuluyor...
2025-05-14 00:43:51,112 - INFO - 201, 619 koordinatlarý için maske oluþturuluyor...
2025-05-14 00:43:51,211 - INFO - 57, 538 koordinatlarý için maske oluþturuluyor...
2025-05-14 00:43:51,290 - INFO - 109, 255 koordinatlarý için maske oluþturuluyor...
2025-05-14 00:43:51,361 - INFO - 268, 126 koordinatlarý için maske oluþturuluyor...
2025-05-14 00:43:51,433 - INFO - 181, 101 koordinatlarý için maske oluþturuluyor...
2025-05-14 00:43:51,519 - INFO - 35, 72 koordinatlarý için maske oluþturuluyor...
2025-05-14 00:43:51,600 - INFO - Tüm maskeler baþarýyla birleþtirildi.
2025-05-14 00:46:55,849 - INFO - SAM modeli yükleniyor...
2025-05-14 00:47:00,019 - INFO - SAM modeli baþarýyla yüklendi.
2025-05-14 00:47:00,020 - INFO - Gradio arayüzü baþlatýlýyor...
2025-05-14 00:47:01,003 - INFO - HTTP Request: GET http://127.0.0.1:7860/gradio_api/startup-events "HTTP/1.1 200 OK"
2025-05-14 00:47:01,034 - INFO - HTTP Request: HEAD http://127.0.0.1:7860/ "HTTP/1.1 200 OK"
2025-05-14 00:47:01,544 - INFO - HTTP Request: GET https://api.gradio.app/pkg-version "HTTP/1.1 200 OK"
2025-05-14 00:47:22,578 - INFO - Kullanýcý 322, 400 koordinatlarýna týkladý.
2025-05-14 00:47:22,579 - INFO - Kullanýcý 322, 400 koordinatlarýnda zoom önizlemesi yapýyor...
2025-05-14 00:47:22,583 - INFO - Zoom önizlemesi baþarýyla oluþturuldu.
2025-05-14 00:47:23,822 - INFO - Kullanýcý 256, 529 koordinatlarýna týkladý.
2025-05-14 00:47:23,822 - INFO - Kullanýcý 256, 529 koordinatlarýnda zoom önizlemesi yapýyor...
2025-05-14 00:47:23,829 - INFO - Zoom önizlemesi baþarýyla oluþturuldu.
2025-05-14 00:47:24,836 - INFO - Kullanýcý 530, 473 koordinatlarýna týkladý.
2025-05-14 00:47:24,837 - INFO - Kullanýcý 530, 473 koordinatlarýnda zoom önizlemesi yapýyor...
2025-05-14 00:47:24,843 - INFO - Zoom önizlemesi baþarýyla oluþturuldu.
2025-05-14 00:47:26,473 - INFO - Kullanýcý 176, 158 koordinatlarýna týkladý.
2025-05-14 00:47:26,473 - INFO - Kullanýcý 176, 158 koordinatlarýnda zoom önizlemesi yapýyor...
2025-05-14 00:47:26,482 - INFO - Zoom önizlemesi baþarýyla oluþturuldu.
2025-05-14 00:47:29,218 - INFO - Kullanýcý 206, 653 koordinatlarýna týkladý.
2025-05-14 00:47:29,218 - INFO - Kullanýcý 206, 653 koordinatlarýnda zoom önizlemesi yapýyor...
2025-05-14 00:47:29,223 - INFO - Zoom önizlemesi baþarýyla oluþturuldu.
2025-05-14 00:47:30,750 - INFO - Kullanýcý 65, 593 koordinatlarýna týkladý.
2025-05-14 00:47:30,750 - INFO - Kullanýcý 65, 593 koordinatlarýnda zoom önizlemesi yapýyor...
2025-05-14 00:47:30,753 - INFO - Zoom önizlemesi baþarýyla oluþturuldu.
2025-05-14 00:47:31,382 - INFO - Kullanýcý 88, 831 koordinatlarýna týkladý.
2025-05-14 00:47:31,383 - INFO - Kullanýcý 88, 831 koordinatlarýnda zoom önizlemesi yapýyor...
2025-05-14 00:47:31,385 - INFO - Zoom önizlemesi baþarýyla oluþturuldu.
2025-05-14 00:47:32,386 - INFO - Kullanýcý 59, 324 koordinatlarýna týkladý.
2025-05-14 00:47:32,386 - INFO - Kullanýcý 59, 324 koordinatlarýnda zoom önizlemesi yapýyor...
2025-05-14 00:47:32,389 - INFO - Zoom önizlemesi baþarýyla oluþturuldu.
2025-05-14 00:47:33,604 - INFO - Kullanýcý 75, 179 koordinatlarýna týkladý.
2025-05-14 00:47:33,604 - INFO - Kullanýcý 75, 179 koordinatlarýnda zoom önizlemesi yapýyor...
2025-05-14 00:47:33,607 - INFO - Zoom önizlemesi baþarýyla oluþturuldu.
2025-05-14 00:47:34,085 - INFO - Kullanýcý 51, 86 koordinatlarýna týkladý.
2025-05-14 00:47:34,086 - INFO - Kullanýcý 51, 86 koordinatlarýnda zoom önizlemesi yapýyor...
2025-05-14 00:47:34,090 - INFO - Zoom önizlemesi baþarýyla oluþturuldu.
2025-05-14 00:47:34,754 - INFO - Kullanýcý 163, 26 koordinatlarýna týkladý.
2025-05-14 00:47:34,754 - INFO - Kullanýcý 163, 26 koordinatlarýnda zoom önizlemesi yapýyor...
2025-05-14 00:47:34,757 - INFO - Zoom önizlemesi baþarýyla oluþturuldu.
2025-05-14 00:47:37,069 - INFO - 11 nokta seçildi. Maskeler birleþtiriliyor...
2025-05-14 00:48:09,485 - INFO - 322, 400 koordinatlarý için maske oluþturuluyor...
2025-05-14 00:48:09,568 - INFO - 256, 529 koordinatlarý için maske oluþturuluyor...
2025-05-14 00:48:09,636 - INFO - 530, 473 koordinatlarý için maske oluþturuluyor...
2025-05-14 00:48:09,704 - INFO - 176, 158 koordinatlarý için maske oluþturuluyor...
2025-05-14 00:48:09,772 - INFO - 206, 653 koordinatlarý için maske oluþturuluyor...
2025-05-14 00:48:09,845 - INFO - 65, 593 koordinatlarý için maske oluþturuluyor...
2025-05-14 00:48:09,918 - INFO - 88, 831 koordinatlarý için maske oluþturuluyor...
2025-05-14 00:48:09,991 - INFO - 59, 324 koordinatlarý için maske oluþturuluyor...
2025-05-14 00:48:10,071 - INFO - 75, 179 koordinatlarý için maske oluþturuluyor...
2025-05-14 00:48:10,139 - INFO - 51, 86 koordinatlarý için maske oluþturuluyor...
2025-05-14 00:48:10,204 - INFO - 163, 26 koordinatlarý için maske oluþturuluyor...
2025-05-14 00:48:10,278 - INFO - Tüm maskeler baþarýyla birleþtirildi.
2025-05-14 00:48:59,327 - INFO - SAM modeli yükleniyor...
2025-05-14 00:49:04,079 - INFO - SAM modeli baþarýyla yüklendi.
2025-05-14 00:49:04,079 - INFO - Gradio arayüzü baþlatýlýyor...
2025-05-14 00:49:05,383 - INFO - HTTP Request: GET http://127.0.0.1:7860/gradio_api/startup-events "HTTP/1.1 200 OK"
2025-05-14 00:49:05,442 - INFO - HTTP Request: HEAD http://127.0.0.1:7860/ "HTTP/1.1 200 OK"
2025-05-14 00:49:05,653 - INFO - HTTP Request: GET https://api.gradio.app/pkg-version "HTTP/1.1 200 OK"
2025-05-14 00:49:32,501 - INFO - Kullanýcý 454, 615 koordinatlarýna týkladý.
2025-05-14 00:49:32,504 - INFO - Kullanýcý 454, 615 koordinatlarýnda zoom önizlemesi yapýyor...
2025-05-14 00:49:32,512 - INFO - Zoom önizlemesi baþarýyla oluþturuldu.
2025-05-14 00:49:33,526 - INFO - Kullanýcý 287, 596 koordinatlarýna týkladý.
2025-05-14 00:49:33,527 - INFO - Kullanýcý 287, 596 koordinatlarýnda zoom önizlemesi yapýyor...
2025-05-14 00:49:33,535 - INFO - Zoom önizlemesi baþarýyla oluþturuldu.
2025-05-14 00:49:35,909 - INFO - Kullanýcý 273, 813 koordinatlarýna týkladý.
2025-05-14 00:49:35,909 - INFO - Kullanýcý 273, 813 koordinatlarýnda zoom önizlemesi yapýyor...
2025-05-14 00:49:35,917 - INFO - Zoom önizlemesi baþarýyla oluþturuldu.
2025-05-14 00:49:36,758 - INFO - Kullanýcý 462, 759 koordinatlarýna týkladý.
2025-05-14 00:49:36,759 - INFO - Kullanýcý 462, 759 koordinatlarýnda zoom önizlemesi yapýyor...
2025-05-14 00:49:36,765 - INFO - Zoom önizlemesi baþarýyla oluþturuldu.
2025-05-14 00:49:39,426 - INFO - Kullanýcý 1206, 635 koordinatlarýna týkladý.
2025-05-14 00:49:39,426 - INFO - Kullanýcý 1206, 635 koordinatlarýnda zoom önizlemesi yapýyor...
2025-05-14 00:49:39,434 - INFO - Zoom önizlemesi baþarýyla oluþturuldu.
2025-05-14 00:49:40,109 - INFO - Kullanýcý 1332, 655 koordinatlarýna týkladý.
2025-05-14 00:49:40,110 - INFO - Kullanýcý 1332, 655 koordinatlarýnda zoom önizlemesi yapýyor...
2025-05-14 00:49:40,116 - INFO - Zoom önizlemesi baþarýyla oluþturuldu.
2025-05-14 00:49:40,805 - INFO - Kullanýcý 1414, 821 koordinatlarýna týkladý.
2025-05-14 00:49:40,806 - INFO - Kullanýcý 1414, 821 koordinatlarýnda zoom önizlemesi yapýyor...
2025-05-14 00:49:40,815 - INFO - Zoom önizlemesi baþarýyla oluþturuldu.
2025-05-14 00:49:45,529 - INFO - Kullanýcý 614, 618 koordinatlarýna týkladý.
2025-05-14 00:49:45,529 - INFO - Kullanýcý 614, 618 koordinatlarýnda zoom önizlemesi yapýyor...
2025-05-14 00:49:45,536 - INFO - Zoom önizlemesi baþarýyla oluþturuldu.
2025-05-14 00:49:47,789 - INFO - 8 nokta seçildi. Maskeler birleþtiriliyor...
2025-05-14 00:50:17,792 - INFO - 454, 615 koordinatlarý için maske oluþturuluyor...
2025-05-14 00:50:17,879 - INFO - 287, 596 koordinatlarý için maske oluþturuluyor...
2025-05-14 00:50:17,967 - INFO - 273, 813 koordinatlarý için maske oluþturuluyor...
2025-05-14 00:50:18,055 - INFO - 462, 759 koordinatlarý için maske oluþturuluyor...
2025-05-14 00:50:18,131 - INFO - 1206, 635 koordinatlarý için maske oluþturuluyor...
2025-05-14 00:50:18,215 - INFO - 1332, 655 koordinatlarý için maske oluþturuluyor...
2025-05-14 00:50:18,300 - INFO - 1414, 821 koordinatlarý için maske oluþturuluyor...
2025-05-14 00:50:18,378 - INFO - 614, 618 koordinatlarý için maske oluþturuluyor...
2025-05-14 00:50:18,461 - INFO - Tüm maskeler baþarýyla birleþtirildi.
2025-05-14 00:51:21,424 - INFO - SAM modeli yükleniyor...
2025-05-14 00:51:26,413 - INFO - SAM modeli baþarýyla yüklendi.
2025-05-14 00:51:26,413 - INFO - Gradio arayüzü baþlatýlýyor...
2025-05-14 00:51:27,664 - INFO - HTTP Request: GET http://127.0.0.1:7860/gradio_api/startup-events "HTTP/1.1 200 OK"
2025-05-14 00:51:27,697 - INFO - HTTP Request: HEAD http://127.0.0.1:7860/ "HTTP/1.1 200 OK"
2025-05-14 00:51:31,672 - INFO - HTTP Request: GET https://api.gradio.app/pkg-version "HTTP/1.1 200 OK"
2025-05-14 00:51:33,129 - INFO - Kullanýcý 474, 582 koordinatlarýna týkladý.
2025-05-14 00:51:33,130 - INFO - Kullanýcý 474, 582 koordinatlarýnda zoom önizlemesi yapýyor...
2025-05-14 00:51:33,137 - INFO - Zoom önizlemesi baþarýyla oluþturuldu.
2025-05-14 00:51:33,940 - INFO - Kullanýcý 303, 597 koordinatlarýna týkladý.
2025-05-14 00:51:33,940 - INFO - Kullanýcý 303, 597 koordinatlarýnda zoom önizlemesi yapýyor...
2025-05-14 00:51:33,946 - INFO - Zoom önizlemesi baþarýyla oluþturuldu.
2025-05-14 00:51:34,530 - INFO - Kullanýcý 307, 760 koordinatlarýna týkladý.
2025-05-14 00:51:34,531 - INFO - Kullanýcý 307, 760 koordinatlarýnda zoom önizlemesi yapýyor...
2025-05-14 00:51:34,539 - INFO - Zoom önizlemesi baþarýyla oluþturuldu.
2025-05-14 00:51:35,276 - INFO - Kullanýcý 463, 730 koordinatlarýna týkladý.
2025-05-14 00:51:35,277 - INFO - Kullanýcý 463, 730 koordinatlarýnda zoom önizlemesi yapýyor...
2025-05-14 00:51:35,284 - INFO - Zoom önizlemesi baþarýyla oluþturuldu.
2025-05-14 00:51:36,641 - INFO - Kullanýcý 706, 597 koordinatlarýna týkladý.
2025-05-14 00:51:36,642 - INFO - Kullanýcý 706, 597 koordinatlarýnda zoom önizlemesi yapýyor...
2025-05-14 00:51:36,649 - INFO - Zoom önizlemesi baþarýyla oluþturuldu.
2025-05-14 00:51:38,904 - INFO - Kullanýcý 1157, 628 koordinatlarýna týkladý.
2025-05-14 00:51:38,904 - INFO - Kullanýcý 1157, 628 koordinatlarýnda zoom önizlemesi yapýyor...
2025-05-14 00:51:38,912 - INFO - Zoom önizlemesi baþarýyla oluþturuldu.
2025-05-14 00:51:40,273 - INFO - Kullanýcý 1316, 643 koordinatlarýna týkladý.
2025-05-14 00:51:40,274 - INFO - Kullanýcý 1316, 643 koordinatlarýnda zoom önizlemesi yapýyor...
2025-05-14 00:51:40,281 - INFO - Zoom önizlemesi baþarýyla oluþturuldu.
2025-05-14 00:51:41,156 - INFO - Kullanýcý 1415, 810 koordinatlarýna týkladý.
2025-05-14 00:51:41,157 - INFO - Kullanýcý 1415, 810 koordinatlarýnda zoom önizlemesi yapýyor...
2025-05-14 00:51:41,163 - INFO - Zoom önizlemesi baþarýyla oluþturuldu.
2025-05-14 00:51:44,843 - INFO - 8 nokta seçildi. Maskeler birleþtiriliyor...
2025-05-14 00:52:16,925 - INFO - 474, 582 koordinatlarý için maske oluþturuluyor...
2025-05-14 00:52:17,013 - INFO - 303, 597 koordinatlarý için maske oluþturuluyor...
2025-05-14 00:52:17,096 - INFO - 307, 760 koordinatlarý için maske oluþturuluyor...
2025-05-14 00:52:17,171 - INFO - 463, 730 koordinatlarý için maske oluþturuluyor...
2025-05-14 00:52:17,250 - INFO - 706, 597 koordinatlarý için maske oluþturuluyor...
2025-05-14 00:52:17,328 - INFO - 1157, 628 koordinatlarý için maske oluþturuluyor...
2025-05-14 00:52:17,400 - INFO - 1316, 643 koordinatlarý için maske oluþturuluyor...
2025-05-14 00:52:17,487 - INFO - 1415, 810 koordinatlarý için maske oluþturuluyor...
2025-05-14 00:52:17,574 - INFO - Tüm maskeler baþarýyla birleþtirildi.
2025-05-14 00:52:17,574 - INFO - 8 nokta seçildi. Maskeler birleþtiriliyor...
2025-05-14 00:52:49,325 - INFO - 474, 582 koordinatlarý için maske oluþturuluyor...
2025-05-14 00:52:49,478 - INFO - 303, 597 koordinatlarý için maske oluþturuluyor...
2025-05-14 00:52:49,548 - INFO - 307, 760 koordinatlarý için maske oluþturuluyor...
2025-05-14 00:52:49,634 - INFO - 463, 730 koordinatlarý için maske oluþturuluyor...
2025-05-14 00:52:49,711 - INFO - 706, 597 koordinatlarý için maske oluþturuluyor...
2025-05-14 00:52:49,793 - INFO - 1157, 628 koordinatlarý için maske oluþturuluyor...
2025-05-14 00:52:49,872 - INFO - 1316, 643 koordinatlarý için maske oluþturuluyor...
2025-05-14 00:52:49,952 - INFO - 1415, 810 koordinatlarý için maske oluþturuluyor...
2025-05-14 00:52:50,045 - INFO - Tüm maskeler baþarýyla birleþtirildi.
2025-05-14 00:52:50,045 - INFO - Maske asýl resim üzerine bindiriliyor...
2025-05-14 00:53:04,095 - INFO - Son seçim siliniyor: (1415, 810)
2025-05-14 00:53:04,808 - INFO - Son seçim siliniyor: (1316, 643)
2025-05-14 00:53:05,259 - INFO - Son seçim siliniyor: (1157, 628)
2025-05-14 00:53:10,243 - INFO - Kullanýcý 1240, 631 koordinatlarýna týkladý.
2025-05-14 00:53:10,243 - INFO - Kullanýcý 1240, 631 koordinatlarýnda zoom önizlemesi yapýyor...
2025-05-14 00:53:10,252 - INFO - Zoom önizlemesi baþarýyla oluþturuldu.
2025-05-14 00:53:12,693 - INFO - Kullanýcý 1313, 662 koordinatlarýna týkladý.
2025-05-14 00:53:12,694 - INFO - Kullanýcý 1313, 662 koordinatlarýnda zoom önizlemesi yapýyor...
2025-05-14 00:53:12,701 - INFO - Zoom önizlemesi baþarýyla oluþturuldu.
2025-05-14 00:53:13,973 - INFO - Kullanýcý 1419, 821 koordinatlarýna týkladý.
2025-05-14 00:53:13,974 - INFO - Kullanýcý 1419, 821 koordinatlarýnda zoom önizlemesi yapýyor...
2025-05-14 00:53:13,982 - INFO - Zoom önizlemesi baþarýyla oluþturuldu.
2025-05-14 00:53:14,785 - INFO - Kullanýcý 1339, 848 koordinatlarýna týkladý.
2025-05-14 00:53:14,785 - INFO - Kullanýcý 1339, 848 koordinatlarýnda zoom önizlemesi yapýyor...
2025-05-14 00:53:14,791 - INFO - Zoom önizlemesi baþarýyla oluþturuldu.
2025-05-14 00:53:16,025 - INFO - Kullanýcý 1259, 707 koordinatlarýna týkladý.
2025-05-14 00:53:16,025 - INFO - Kullanýcý 1259, 707 koordinatlarýnda zoom önizlemesi yapýyor...
2025-05-14 00:53:16,043 - INFO - Zoom önizlemesi baþarýyla oluþturuldu.
2025-05-14 00:53:18,571 - INFO - Kullanýcý 1252, 764 koordinatlarýna týkladý.
2025-05-14 00:53:18,572 - INFO - Kullanýcý 1252, 764 koordinatlarýnda zoom önizlemesi yapýyor...
2025-05-14 00:53:18,583 - INFO - Zoom önizlemesi baþarýyla oluþturuldu.
2025-05-14 00:53:20,570 - INFO - 11 nokta seçildi. Maskeler birleþtiriliyor...
2025-05-14 00:53:55,902 - INFO - 474, 582 koordinatlarý için maske oluþturuluyor...
2025-05-14 00:53:56,004 - INFO - 303, 597 koordinatlarý için maske oluþturuluyor...
2025-05-14 00:53:56,098 - INFO - 307, 760 koordinatlarý için maske oluþturuluyor...
2025-05-14 00:53:56,197 - INFO - 463, 730 koordinatlarý için maske oluþturuluyor...
2025-05-14 00:53:56,284 - INFO - 706, 597 koordinatlarý için maske oluþturuluyor...
2025-05-14 00:53:56,369 - INFO - 1240, 631 koordinatlarý için maske oluþturuluyor...
2025-05-14 00:53:56,461 - INFO - 1313, 662 koordinatlarý için maske oluþturuluyor...
2025-05-14 00:53:56,544 - INFO - 1419, 821 koordinatlarý için maske oluþturuluyor...
2025-05-14 00:53:56,644 - INFO - 1339, 848 koordinatlarý için maske oluþturuluyor...
2025-05-14 00:53:56,734 - INFO - 1259, 707 koordinatlarý için maske oluþturuluyor...
2025-05-14 00:53:56,825 - INFO - 1252, 764 koordinatlarý için maske oluþturuluyor...
2025-05-14 00:53:56,916 - INFO - Tüm maskeler baþarýyla birleþtirildi.
2025-05-14 00:53:56,916 - INFO - 11 nokta seçildi. Maskeler birleþtiriliyor...
2025-05-14 00:54:30,797 - INFO - 474, 582 koordinatlarý için maske oluþturuluyor...
2025-05-14 00:54:30,882 - INFO - 303, 597 koordinatlarý için maske oluþturuluyor...
2025-05-14 00:54:30,978 - INFO - 307, 760 koordinatlarý için maske oluþturuluyor...
2025-05-14 00:54:31,066 - INFO - 463, 730 koordinatlarý için maske oluþturuluyor...
2025-05-14 00:54:31,164 - INFO - 706, 597 koordinatlarý için maske oluþturuluyor...
2025-05-14 00:54:31,259 - INFO - 1240, 631 koordinatlarý için maske oluþturuluyor...
2025-05-14 00:54:31,345 - INFO - 1313, 662 koordinatlarý için maske oluþturuluyor...
2025-05-14 00:54:31,437 - INFO - 1419, 821 koordinatlarý için maske oluþturuluyor...
2025-05-14 00:54:31,528 - INFO - 1339, 848 koordinatlarý için maske oluþturuluyor...
2025-05-14 00:54:31,615 - INFO - 1259, 707 koordinatlarý için maske oluþturuluyor...
2025-05-14 00:54:31,708 - INFO - 1252, 764 koordinatlarý için maske oluþturuluyor...
2025-05-14 00:54:31,915 - INFO - Tüm maskeler baþarýyla birleþtirildi.
2025-05-14 00:54:31,916 - INFO - Maske asýl resim üzerine bindiriliyor...
2025-05-14 00:54:45,054 - INFO - Kullanýcý 1285, 680 koordinatlarýna týkladý.
2025-05-14 00:54:45,054 - INFO - Kullanýcý 1285, 680 koordinatlarýnda zoom önizlemesi yapýyor...
2025-05-14 00:54:45,062 - INFO - Zoom önizlemesi baþarýyla oluþturuldu.
2025-05-14 00:54:50,019 - INFO - 12 nokta seçildi. Maskeler birleþtiriliyor...
2025-05-14 00:55:22,515 - INFO - 474, 582 koordinatlarý için maske oluþturuluyor...
2025-05-14 00:55:22,613 - INFO - 303, 597 koordinatlarý için maske oluþturuluyor...
2025-05-14 00:55:22,707 - INFO - 307, 760 koordinatlarý için maske oluþturuluyor...
2025-05-14 00:55:22,791 - INFO - 463, 730 koordinatlarý için maske oluþturuluyor...
2025-05-14 00:55:22,881 - INFO - 706, 597 koordinatlarý için maske oluþturuluyor...
2025-05-14 00:55:22,963 - INFO - 1240, 631 koordinatlarý için maske oluþturuluyor...
2025-05-14 00:55:23,058 - INFO - 1313, 662 koordinatlarý için maske oluþturuluyor...
2025-05-14 00:55:23,141 - INFO - 1419, 821 koordinatlarý için maske oluþturuluyor...
2025-05-14 00:55:23,244 - INFO - 1339, 848 koordinatlarý için maske oluþturuluyor...
2025-05-14 00:55:23,330 - INFO - 1259, 707 koordinatlarý için maske oluþturuluyor...
2025-05-14 00:55:23,432 - INFO - 1252, 764 koordinatlarý için maske oluþturuluyor...
2025-05-14 00:55:23,517 - INFO - 1285, 680 koordinatlarý için maske oluþturuluyor...
2025-05-14 00:55:23,619 - INFO - Tüm maskeler baþarýyla birleþtirildi.
2025-05-14 00:55:23,619 - INFO - 12 nokta seçildi. Maskeler birleþtiriliyor...
2025-05-14 00:55:54,774 - INFO - 474, 582 koordinatlarý için maske oluþturuluyor...
2025-05-14 00:55:54,872 - INFO - 303, 597 koordinatlarý için maske oluþturuluyor...
2025-05-14 00:55:54,961 - INFO - 307, 760 koordinatlarý için maske oluþturuluyor...
2025-05-14 00:55:55,044 - INFO - 463, 730 koordinatlarý için maske oluþturuluyor...
2025-05-14 00:55:55,129 - INFO - 706, 597 koordinatlarý için maske oluþturuluyor...
2025-05-14 00:55:55,229 - INFO - 1240, 631 koordinatlarý için maske oluþturuluyor...
2025-05-14 00:55:55,335 - INFO - 1313, 662 koordinatlarý için maske oluþturuluyor...
2025-05-14 00:55:55,428 - INFO - 1419, 821 koordinatlarý için maske oluþturuluyor...
2025-05-14 00:55:55,542 - INFO - 1339, 848 koordinatlarý için maske oluþturuluyor...
2025-05-14 00:55:55,751 - INFO - 1259, 707 koordinatlarý için maske oluþturuluyor...
2025-05-14 00:55:55,854 - INFO - 1252, 764 koordinatlarý için maske oluþturuluyor...
2025-05-14 00:55:55,970 - INFO - 1285, 680 koordinatlarý için maske oluþturuluyor...
2025-05-14 00:55:56,101 - INFO - Tüm maskeler baþarýyla birleþtirildi.
2025-05-14 00:55:56,101 - INFO - Maske asýl resim üzerine bindiriliyor...
2025-05-14 00:56:32,273 - INFO - Kullanýcý 413, 1007 koordinatlarýna týkladý.
2025-05-14 00:56:32,273 - INFO - Kullanýcý 413, 1007 koordinatlarýnda zoom önizlemesi yapýyor...
2025-05-14 00:56:32,281 - INFO - Zoom önizlemesi baþarýyla oluþturuldu.
2025-05-14 00:56:44,067 - INFO - Kullanýcý 1172, 696 koordinatlarýna týkladý.
2025-05-14 00:56:44,068 - INFO - Kullanýcý 1172, 696 koordinatlarýnda zoom önizlemesi yapýyor...
2025-05-14 00:56:44,079 - INFO - Zoom önizlemesi baþarýyla oluþturuldu.
2025-05-14 00:56:44,994 - INFO - Kullanýcý 1146, 745 koordinatlarýna týkladý.
2025-05-14 00:56:44,994 - INFO - Kullanýcý 1146, 745 koordinatlarýnda zoom önizlemesi yapýyor...
2025-05-14 00:56:44,999 - INFO - Zoom önizlemesi baþarýyla oluþturuldu.
2025-05-14 00:56:48,285 - INFO - Kullanýcý 1104, 1015 koordinatlarýna týkladý.
2025-05-14 00:56:48,285 - INFO - Kullanýcý 1104, 1015 koordinatlarýnda zoom önizlemesi yapýyor...
2025-05-14 00:56:48,295 - INFO - Zoom önizlemesi baþarýyla oluþturuldu.
2025-05-14 00:56:50,452 - INFO - Kullanýcý 1385, 1049 koordinatlarýna týkladý.
2025-05-14 00:56:50,453 - INFO - Kullanýcý 1385, 1049 koordinatlarýnda zoom önizlemesi yapýyor...
2025-05-14 00:56:50,460 - INFO - Zoom önizlemesi baþarýyla oluþturuldu.
2025-05-14 00:56:51,685 - INFO - Kullanýcý 1134, 1136 koordinatlarýna týkladý.
2025-05-14 00:56:51,686 - INFO - Kullanýcý 1134, 1136 koordinatlarýnda zoom önizlemesi yapýyor...
2025-05-14 00:56:51,694 - INFO - Zoom önizlemesi baþarýyla oluþturuldu.
2025-05-14 00:56:53,041 - INFO - 18 nokta seçildi. Maskeler birleþtiriliyor...
2025-05-14 00:57:25,298 - INFO - 474, 582 koordinatlarý için maske oluþturuluyor...
2025-05-14 00:57:25,392 - INFO - 303, 597 koordinatlarý için maske oluþturuluyor...
2025-05-14 00:57:25,492 - INFO - 307, 760 koordinatlarý için maske oluþturuluyor...
2025-05-14 00:57:25,573 - INFO - 463, 730 koordinatlarý için maske oluþturuluyor...
2025-05-14 00:57:25,662 - INFO - 706, 597 koordinatlarý için maske oluþturuluyor...
2025-05-14 00:57:25,750 - INFO - 1240, 631 koordinatlarý için maske oluþturuluyor...
2025-05-14 00:57:25,841 - INFO - 1313, 662 koordinatlarý için maske oluþturuluyor...
2025-05-14 00:57:25,928 - INFO - 1419, 821 koordinatlarý için maske oluþturuluyor...
2025-05-14 00:57:26,014 - INFO - 1339, 848 koordinatlarý için maske oluþturuluyor...
2025-05-14 00:57:26,103 - INFO - 1259, 707 koordinatlarý için maske oluþturuluyor...
2025-05-14 00:57:26,194 - INFO - 1252, 764 koordinatlarý için maske oluþturuluyor...
2025-05-14 00:57:26,283 - INFO - 1285, 680 koordinatlarý için maske oluþturuluyor...
2025-05-14 00:57:26,382 - INFO - 413, 1007 koordinatlarý için maske oluþturuluyor...
2025-05-14 00:57:26,472 - INFO - 1172, 696 koordinatlarý için maske oluþturuluyor...
2025-05-14 00:57:26,560 - INFO - 1146, 745 koordinatlarý için maske oluþturuluyor...
2025-05-14 00:57:26,650 - INFO - 1104, 1015 koordinatlarý için maske oluþturuluyor...
2025-05-14 00:57:26,748 - INFO - 1385, 1049 koordinatlarý için maske oluþturuluyor...
2025-05-14 00:57:26,841 - INFO - 1134, 1136 koordinatlarý için maske oluþturuluyor...
2025-05-14 00:57:26,940 - INFO - Tüm maskeler baþarýyla birleþtirildi.
2025-05-14 00:57:26,940 - INFO - 18 nokta seçildi. Maskeler birleþtiriliyor...
2025-05-14 00:58:00,293 - INFO - 474, 582 koordinatlarý için maske oluþturuluyor...
2025-05-14 00:58:00,406 - INFO - 303, 597 koordinatlarý için maske oluþturuluyor...
2025-05-14 00:58:00,494 - INFO - 307, 760 koordinatlarý için maske oluþturuluyor...
2025-05-14 00:58:00,588 - INFO - 463, 730 koordinatlarý için maske oluþturuluyor...
2025-05-14 00:58:00,684 - INFO - 706, 597 koordinatlarý için maske oluþturuluyor...
2025-05-14 00:58:00,776 - INFO - 1240, 631 koordinatlarý için maske oluþturuluyor...
2025-05-14 00:58:00,867 - INFO - 1313, 662 koordinatlarý için maske oluþturuluyor...
2025-05-14 00:58:00,959 - INFO - 1419, 821 koordinatlarý için maske oluþturuluyor...
2025-05-14 00:58:01,046 - INFO - 1339, 848 koordinatlarý için maske oluþturuluyor...
2025-05-14 00:58:01,130 - INFO - 1259, 707 koordinatlarý için maske oluþturuluyor...
2025-05-14 00:58:01,216 - INFO - 1252, 764 koordinatlarý için maske oluþturuluyor...
2025-05-14 00:58:01,313 - INFO - 1285, 680 koordinatlarý için maske oluþturuluyor...
2025-05-14 00:58:01,412 - INFO - 413, 1007 koordinatlarý için maske oluþturuluyor...
2025-05-14 00:58:01,504 - INFO - 1172, 696 koordinatlarý için maske oluþturuluyor...
2025-05-14 00:58:01,591 - INFO - 1146, 745 koordinatlarý için maske oluþturuluyor...
2025-05-14 00:58:01,680 - INFO - 1104, 1015 koordinatlarý için maske oluþturuluyor...
2025-05-14 00:58:01,768 - INFO - 1385, 1049 koordinatlarý için maske oluþturuluyor...
2025-05-14 00:58:01,856 - INFO - 1134, 1136 koordinatlarý için maske oluþturuluyor...
2025-05-14 00:58:01,951 - INFO - Tüm maskeler baþarýyla birleþtirildi.
2025-05-14 00:58:01,952 - INFO - Maske asýl resim üzerine bindiriliyor...
2025-05-14 00:59:36,459 - INFO - SAM modeli yükleniyor...
2025-05-14 00:59:41,151 - INFO - SAM modeli baþarýyla yüklendi.
2025-05-14 00:59:41,151 - INFO - Gradio arayüzü baþlatýlýyor...
2025-05-14 00:59:41,440 - INFO - Kullanýlan donaným: GPU: GeForce GTX 1650
2025-05-14 00:59:42,316 - INFO - HTTP Request: GET http://127.0.0.1:7860/gradio_api/startup-events "HTTP/1.1 200 OK"
2025-05-14 00:59:42,364 - INFO - HTTP Request: HEAD http://127.0.0.1:7860/ "HTTP/1.1 200 OK"
2025-05-14 00:59:42,590 - INFO - HTTP Request: GET https://api.gradio.app/pkg-version "HTTP/1.1 200 OK"
2025-05-14 01:00:31,296 - INFO - Kullanýcý 332, 689 koordinatlarýna týkladý.
2025-05-14 01:00:31,297 - INFO - Kullanýcý 332, 689 koordinatlarýnda zoom önizlemesi yapýyor...
2025-05-14 01:00:31,303 - INFO - Zoom önizlemesi baþarýyla oluþturuldu.
2025-05-14 01:00:33,381 - INFO - Kullanýcý 358, 720 koordinatlarýna týkladý.
2025-05-14 01:00:33,381 - INFO - Kullanýcý 358, 720 koordinatlarýnda zoom önizlemesi yapýyor...
2025-05-14 01:00:33,386 - INFO - Zoom önizlemesi baþarýyla oluþturuldu.
2025-05-14 01:00:34,646 - INFO - Kullanýcý 350, 774 koordinatlarýna týkladý.
2025-05-14 01:00:34,646 - INFO - Kullanýcý 350, 774 koordinatlarýnda zoom önizlemesi yapýyor...
2025-05-14 01:00:34,650 - INFO - Zoom önizlemesi baþarýyla oluþturuldu.
2025-05-14 01:00:37,279 - INFO - 3 nokta seçildi. Maskeler birleþtiriliyor...
2025-05-14 01:01:09,240 - INFO - 332, 689 koordinatlarý için maske oluþturuluyor...
2025-05-14 01:01:09,338 - INFO - 358, 720 koordinatlarý için maske oluþturuluyor...
2025-05-14 01:01:09,423 - INFO - 350, 774 koordinatlarý için maske oluþturuluyor...
2025-05-14 01:01:09,520 - INFO - Tüm maskeler baþarýyla birleþtirildi.
2025-05-14 01:01:09,521 - INFO - 3 nokta seçildi. Maskeler birleþtiriliyor...
2025-05-14 01:01:42,298 - INFO - 332, 689 koordinatlarý için maske oluþturuluyor...
2025-05-14 01:01:42,377 - INFO - 358, 720 koordinatlarý için maske oluþturuluyor...
2025-05-14 01:01:42,446 - INFO - 350, 774 koordinatlarý için maske oluþturuluyor...
2025-05-14 01:01:42,515 - INFO - Tüm maskeler baþarýyla birleþtirildi.
2025-05-14 01:01:42,515 - INFO - Maske asýl resim üzerine bindiriliyor...
2025-05-14 01:03:47,880 - INFO - SAM modeli yükleniyor...
2025-05-14 01:03:52,691 - INFO - SAM modeli baþarýyla yüklendi.
2025-05-14 01:03:52,691 - INFO - Gradio arayüzü baþlatýlýyor...
2025-05-14 01:03:53,001 - INFO - Kullanýlan donaným: GPU: GeForce GTX 1650
2025-05-14 01:03:54,161 - INFO - HTTP Request: GET http://127.0.0.1:7860/gradio_api/startup-events "HTTP/1.1 200 OK"
2025-05-14 01:03:54,196 - INFO - HTTP Request: HEAD http://127.0.0.1:7860/ "HTTP/1.1 200 OK"
2025-05-14 01:03:55,698 - INFO - HTTP Request: GET https://api.gradio.app/pkg-version "HTTP/1.1 200 OK"
2025-05-14 01:04:16,998 - INFO - Kullanýcý 664, 896 koordinatlarýna týkladý.
2025-05-14 01:04:16,999 - INFO - Kullanýcý 664, 896 koordinatlarýnda zoom önizlemesi yapýyor...
2025-05-14 01:04:17,007 - INFO - Zoom önizlemesi baþarýyla oluþturuldu.
2025-05-14 01:04:19,184 - INFO - Kullanýcý 668, 638 koordinatlarýna týkladý.
2025-05-14 01:04:19,184 - INFO - Kullanýcý 668, 638 koordinatlarýnda zoom önizlemesi yapýyor...
2025-05-14 01:04:19,191 - INFO - Zoom önizlemesi baþarýyla oluþturuldu.
2025-05-14 01:04:21,233 - INFO - Kullanýcý 531, 946 koordinatlarýna týkladý.
2025-05-14 01:04:21,233 - INFO - Kullanýcý 531, 946 koordinatlarýnda zoom önizlemesi yapýyor...
2025-05-14 01:04:21,241 - INFO - Zoom önizlemesi baþarýyla oluþturuldu.
2025-05-14 01:04:22,032 - INFO - Kullanýcý 778, 987 koordinatlarýna týkladý.
2025-05-14 01:04:22,032 - INFO - Kullanýcý 778, 987 koordinatlarýnda zoom önizlemesi yapýyor...
2025-05-14 01:04:22,037 - INFO - Zoom önizlemesi baþarýyla oluþturuldu.
2025-05-14 01:04:22,499 - INFO - Kullanýcý 797, 1082 koordinatlarýna týkladý.
2025-05-14 01:04:22,499 - INFO - Kullanýcý 797, 1082 koordinatlarýnda zoom önizlemesi yapýyor...
2025-05-14 01:04:22,507 - INFO - Zoom önizlemesi baþarýyla oluþturuldu.
2025-05-14 01:04:23,649 - INFO - Kullanýcý 554, 1112 koordinatlarýna týkladý.
2025-05-14 01:04:23,650 - INFO - Kullanýcý 554, 1112 koordinatlarýnda zoom önizlemesi yapýyor...
2025-05-14 01:04:23,657 - INFO - Zoom önizlemesi baþarýyla oluþturuldu.
2025-05-14 01:04:24,932 - INFO - Kullanýcý 641, 1131 koordinatlarýna týkladý.
2025-05-14 01:04:24,933 - INFO - Kullanýcý 641, 1131 koordinatlarýnda zoom önizlemesi yapýyor...
2025-05-14 01:04:24,940 - INFO - Zoom önizlemesi baþarýyla oluþturuldu.
2025-05-14 01:04:27,083 - INFO - 7 nokta seçildi. Maskeler birleþtiriliyor...
2025-05-14 01:04:59,523 - INFO - 664, 896 koordinatlarý için maske oluþturuluyor...
2025-05-14 01:04:59,628 - INFO - 668, 638 koordinatlarý için maske oluþturuluyor...
2025-05-14 01:04:59,720 - INFO - 531, 946 koordinatlarý için maske oluþturuluyor...
2025-05-14 01:04:59,798 - INFO - 778, 987 koordinatlarý için maske oluþturuluyor...
2025-05-14 01:04:59,876 - INFO - 797, 1082 koordinatlarý için maske oluþturuluyor...
2025-05-14 01:04:59,955 - INFO - 554, 1112 koordinatlarý için maske oluþturuluyor...
2025-05-14 01:05:00,034 - INFO - 641, 1131 koordinatlarý için maske oluþturuluyor...
2025-05-14 01:05:00,122 - INFO - Tüm maskeler baþarýyla birleþtirildi.
2025-05-14 01:05:00,122 - INFO - 7 nokta seçildi. Maskeler birleþtiriliyor...
